0 silly input [ 'publish' ]
1 silly flags { _: [ 'publish' ] }
2 verbose rootPath /Users/sterjakov/projects/vqua
3 info version 2.0.0
4 silly isInitialized
5 silly isInitialized true
6 silly existsSync /Users/sterjakov/projects/vqua/VERSION
7 error EPACKAGES JSONError: Unexpected token ' ' at 4:72 in packages/vqua-boilerplate-ssr/package.json
7 error EPACKAGES "description": "Boilerplate will allow you to quickly start creating
7 error EPACKAGES                                                                     ^
7 error EPACKAGES "description": "Boilerplate will allow you to quickly start creating
7 error EPACKAGES                                                                     ^
7 error EPACKAGES     at module.exports (/Users/sterjakov/.npm-packages/lib/node_modules/lerna/node_modules/parse-json/index.js:27:17)
7 error EPACKAGES     at parse (/Users/sterjakov/.npm-packages/lib/node_modules/lerna/node_modules/load-json-file/index.js:8:29)
7 error EPACKAGES     at Function.module.exports.sync.fp [as sync] (/Users/sterjakov/.npm-packages/lib/node_modules/lerna/node_modules/load-json-file/index.js:11:29)
7 error EPACKAGES     at Function.module.exports.sync (/Users/sterjakov/.npm-packages/lib/node_modules/lerna/node_modules/read-pkg/index.js:40:25)
7 error EPACKAGES     at /Users/sterjakov/.npm-packages/lib/node_modules/lerna/lib/PackageUtilities.js:125:47
7 error EPACKAGES     at Array.forEach (<anonymous>)
7 error EPACKAGES     at /Users/sterjakov/.npm-packages/lib/node_modules/lerna/lib/PackageUtilities.js:119:86
7 error EPACKAGES     at Array.forEach (<anonymous>)
7 error EPACKAGES     at Function.getPackages (/Users/sterjakov/.npm-packages/lib/node_modules/lerna/lib/PackageUtilities.js:118:22)
7 error EPACKAGES     at Repository.buildPackageGraph (/Users/sterjakov/.npm-packages/lib/node_modules/lerna/lib/Repository.js:82:51)
7 error EPACKAGES  Errored while collecting packages and package graph { JSONError: Unexpected token ' ' at 4:72 in packages/vqua-boilerplate-ssr/package.json
7 error EPACKAGES "description": "Boilerplate will allow you to quickly start creating
7 error EPACKAGES                                                                     ^
7 error EPACKAGES "description": "Boilerplate will allow you to quickly start creating
7 error EPACKAGES                                                                     ^
7 error EPACKAGES     at module.exports (/Users/sterjakov/.npm-packages/lib/node_modules/lerna/node_modules/parse-json/index.js:27:17)
7 error EPACKAGES     at parse (/Users/sterjakov/.npm-packages/lib/node_modules/lerna/node_modules/load-json-file/index.js:8:29)
7 error EPACKAGES     at Function.module.exports.sync.fp [as sync] (/Users/sterjakov/.npm-packages/lib/node_modules/lerna/node_modules/load-json-file/index.js:11:29)
7 error EPACKAGES     at Function.module.exports.sync (/Users/sterjakov/.npm-packages/lib/node_modules/lerna/node_modules/read-pkg/index.js:40:25)
7 error EPACKAGES     at /Users/sterjakov/.npm-packages/lib/node_modules/lerna/lib/PackageUtilities.js:125:47
7 error EPACKAGES     at Array.forEach (<anonymous>)
7 error EPACKAGES     at /Users/sterjakov/.npm-packages/lib/node_modules/lerna/lib/PackageUtilities.js:119:86
7 error EPACKAGES     at Array.forEach (<anonymous>)
7 error EPACKAGES     at Function.getPackages (/Users/sterjakov/.npm-packages/lib/node_modules/lerna/lib/PackageUtilities.js:118:22)
7 error EPACKAGES     at Repository.buildPackageGraph (/Users/sterjakov/.npm-packages/lib/node_modules/lerna/lib/Repository.js:82:51)
7 error EPACKAGES   stack: 'JSONError: Unexpected token \' \' at 4:72 in packages/vqua-boilerplate-ssr/package.json\n"description": "Boilerplate will allow you to quickly start creating\n                                                                    ^\n"description": "Boilerplate will allow you to quickly start creating\n                                                                    ^\n    at module.exports (/Users/sterjakov/.npm-packages/lib/node_modules/lerna/node_modules/parse-json/index.js:27:17)\n    at parse (/Users/sterjakov/.npm-packages/lib/node_modules/lerna/node_modules/load-json-file/index.js:8:29)\n    at Function.module.exports.sync.fp [as sync] (/Users/sterjakov/.npm-packages/lib/node_modules/lerna/node_modules/load-json-file/index.js:11:29)\n    at Function.module.exports.sync (/Users/sterjakov/.npm-packages/lib/node_modules/lerna/node_modules/read-pkg/index.js:40:25)\n    at /Users/sterjakov/.npm-packages/lib/node_modules/lerna/lib/PackageUtilities.js:125:47\n    at Array.forEach (<anonymous>)\n    at /Users/sterjakov/.npm-packages/lib/node_modules/lerna/lib/PackageUtilities.js:119:86\n    at Array.forEach (<anonymous>)\n    at Function.getPackages (/Users/sterjakov/.npm-packages/lib/node_modules/lerna/lib/PackageUtilities.js:118:22)\n    at Repository.buildPackageGraph (/Users/sterjakov/.npm-packages/lib/node_modules/lerna/lib/Repository.js:82:51)',
7 error EPACKAGES   name: 'JSONError',
7 error EPACKAGES   fileName: 'packages/vqua-boilerplate-ssr/package.json' }
